20:36:54 undefined undefined [object Object] undefined
20:36:55 undefined undefined [object Object] undefined
20:36:55 undefined undefined [object Object] undefined
20:37:19 undefined undefined [object Object] undefined
20:38:42 undefined undefined undefined
20:40:27 GET /about Mozilla/5.0 (Windows NT 10.0; Win64; x64; rv:83.0) Gecko/20100101 Firefox/83.0
20:40:29 GET / Mozilla/5.0 (Windows NT 10.0; Win64; x64; rv:83.0) Gecko/20100101 Firefox/83.0
20:41:5 method:GET URL:/
20:41:17 method:GET URL:/
20:41:30 [method:GET] [URL:/]
20:45:31 [method:GET] [URL:/]
20:45:32 [method:GET] [URL:/]
20:45:33 [method:GET] [URL:/]
20:45:35 [method:GET] [URL:/]
20:45:36 [method:GET] [URL:/]
20:45:47 [method:GET] [URL:/]
20:45:50 [method:GET] [URL:/]
20:46:23 [method:GET] [URL:/]
20:46:23 [method:GET] [URL:/]
20:46:34 [method:GET] [URL:/]
20:46:41 [method:GET] [URL:/]
20:47:16 [method:GET] [URL:/]
20:47:25 [method:GET] [URL:/]
18:5:25 [method:GET] [URL:/]
18:5:26 [method:GET] [URL:/]
18:5:28 [method:GET] [URL:/]
18:5:33 [method:GET] [URL:/about]
18:5:58 [method:GET] [URL:/json]
18:5:58 [method:GET] [URL:/favicon.ico]
18:6:16 [method:GET] [URL:/json]
18:6:43 [method:GET] [URL:/about]
18:8:2 [method:GET] [URL:/about]
18:8:9 [method:GET] [URL:/about]
18:8:37 [method:GET] [URL:/json]
18:8:42 [method:GET] [URL:/about]
18:8:48 [method:GET] [URL:/]
18:9:3 [method:GET] [URL:/]
18:9:8 [method:GET] [URL:/about]
18:9:13 [method:GET] [URL:/json]
